2018-01-19 07:59:24,111 INFO o.a.j.u.JMeterUtils: Setting Locale to fr_FR
2018-01-19 07:59:24,130 INFO o.a.j.u.JMeterUtils: Could not find resources for 'fr_FR', using 'fr'
2018-01-19 07:59:24,146 INFO o.a.j.JMeter: Loading user properties from: C:\Users\guill\Downloads\Programme\apache-jmeter-3.3\apache-jmeter-3.3\bin\user.properties
2018-01-19 07:59:24,148 INFO o.a.j.JMeter: Loading system properties from: C:\Users\guill\Downloads\Programme\apache-jmeter-3.3\apache-jmeter-3.3\bin\system.properties
2018-01-19 07:59:24,184 INFO o.a.j.JMeter: Copyright (c) 1998-2017 The Apache Software Foundation
2018-01-19 07:59:24,184 INFO o.a.j.JMeter: Version 3.3 r1808647
2018-01-19 07:59:24,184 INFO o.a.j.JMeter: java.version=1.8.0_152-release
2018-01-19 07:59:24,184 INFO o.a.j.JMeter: java.vm.name=OpenJDK 64-Bit Server VM
2018-01-19 07:59:24,184 INFO o.a.j.JMeter: os.name=Windows 10
2018-01-19 07:59:24,184 INFO o.a.j.JMeter: os.arch=amd64
2018-01-19 07:59:24,184 INFO o.a.j.JMeter: os.version=10.0
2018-01-19 07:59:24,184 INFO o.a.j.JMeter: file.encoding=windows-1252
2018-01-19 07:59:24,187 INFO o.a.j.JMeter: Max memory     =1405616128
2018-01-19 07:59:24,187 INFO o.a.j.JMeter: Available Processors =4
2018-01-19 07:59:24,229 INFO o.a.j.JMeter: Default Locale=français (France)
2018-01-19 07:59:24,229 INFO o.a.j.JMeter: JMeter  Locale=français (France)
2018-01-19 07:59:24,229 INFO o.a.j.JMeter: JMeterHome=C:\Users\guill\Downloads\Programme\apache-jmeter-3.3\apache-jmeter-3.3
2018-01-19 07:59:24,229 INFO o.a.j.JMeter: user.dir  =C:\Users\guill\Documents\Guillaume\Cours\ESEO\I3\COOL-QL\Project\SVN\svn_monkeyIsland\code\production\MonkeyIsland
2018-01-19 07:59:24,246 INFO o.a.j.JMeter: PWD       =C:\Users\guill\Documents\Guillaume\Cours\ESEO\I3\COOL-QL\Project\SVN\svn_monkeyIsland\code\production\MonkeyIsland
2018-01-19 07:59:24,286 INFO o.a.j.JMeter: IP: 192.168.0.19 Name: LAPTOP-MB6CIICU FullName: 192.168.0.19
2018-01-19 07:59:24,286 INFO o.a.j.JMeter: search_paths=./target/classes/
2018-01-19 07:59:24,287 INFO o.a.j.JMeter: Adding to classpath and loader: ./target/classes/
2018-01-19 07:59:24,699 INFO o.a.j.g.a.LookAndFeelCommand: Using look and feel: javax.swing.plaf.metal.MetalLookAndFeel [Metal, CrossPlatform]
2018-01-19 07:59:24,708 INFO o.a.j.JMeter: Loaded icon properties from org/apache/jmeter/images/icon.properties
2018-01-19 07:59:26,023 INFO o.a.j.e.u.CompoundVariable: Note: Function class names must contain the string: '.functions.'
2018-01-19 07:59:26,023 INFO o.a.j.e.u.CompoundVariable: Note: Function class names must not contain the string: '.gui.'
2018-01-19 07:59:27,235 INFO o.a.j.JMeter: Loading file: C:\Users\guill\Documents\Guillaume\Cours\ESEO\I3\COOL-QL\Project\SVN\svn_monkeyIsland\code\production\MonkeyIsland\jmeter\plan_test_etu.jmx
2018-01-19 07:59:27,236 INFO o.a.j.s.FileServer: Default base='C:\Users\guill\Documents\Guillaume\Cours\ESEO\I3\COOL-QL\Project\SVN\svn_monkeyIsland\code\production\MonkeyIsland'
2018-01-19 07:59:27,236 INFO o.a.j.s.FileServer: Set new base='C:\Users\guill\Documents\Guillaume\Cours\ESEO\I3\COOL-QL\Project\SVN\svn_monkeyIsland\code\production\MonkeyIsland\jmeter'
2018-01-19 07:59:27,250 INFO o.a.j.g.u.MenuFactory: Skipping org.apache.jmeter.assertions.BSFAssertion
2018-01-19 07:59:27,995 INFO o.a.j.s.SaveService: Testplan (JMX) version: 2.2. Testlog (JTL) version: 2.2
2018-01-19 07:59:28,033 INFO o.a.j.s.SaveService: Using SaveService properties file encoding UTF-8
2018-01-19 07:59:28,033 INFO o.a.j.s.SaveService: Using SaveService properties version 3.2
2018-01-19 07:59:28,049 INFO o.a.j.s.SaveService: Loading file: C:\Users\guill\Documents\Guillaume\Cours\ESEO\I3\COOL-QL\Project\SVN\svn_monkeyIsland\code\production\MonkeyIsland\jmeter\plan_test_etu.jmx
2018-01-19 07:59:28,165 INFO o.a.j.s.FileServer: Set new base='C:\Users\guill\Documents\Guillaume\Cours\ESEO\I3\COOL-QL\Project\SVN\svn_monkeyIsland\code\production\MonkeyIsland\jmeter'
2018-01-19 07:59:28,265 INFO o.a.j.s.SampleResult: Note: Sample TimeStamps are START times
2018-01-19 07:59:28,265 INFO o.a.j.s.SampleResult: sampleresult.default.encoding is set to ISO-8859-1
2018-01-19 07:59:28,266 INFO o.a.j.s.SampleResult: sampleresult.useNanoTime=true
2018-01-19 07:59:28,266 INFO o.a.j.s.SampleResult: sampleresult.nanoThreadSleep=5000
2018-01-19 07:59:28,321 INFO o.a.j.g.u.MenuFactory: Skipping org.apache.jmeter.extractor.BSFPostProcessor
2018-01-19 07:59:28,448 INFO o.a.j.g.u.MenuFactory: Skipping org.apache.jmeter.modifiers.BSFPreProcessor
2018-01-19 07:59:28,480 INFO o.a.j.p.h.s.HTTPSamplerBase: Parser for text/html is org.apache.jmeter.protocol.http.parser.LagartoBasedHtmlParser
2018-01-19 07:59:28,480 INFO o.a.j.p.h.s.HTTPSamplerBase: Parser for application/xhtml+xml is org.apache.jmeter.protocol.http.parser.LagartoBasedHtmlParser
2018-01-19 07:59:28,480 INFO o.a.j.p.h.s.HTTPSamplerBase: Parser for application/xml is org.apache.jmeter.protocol.http.parser.LagartoBasedHtmlParser
2018-01-19 07:59:28,480 INFO o.a.j.p.h.s.HTTPSamplerBase: Parser for text/xml is org.apache.jmeter.protocol.http.parser.LagartoBasedHtmlParser
2018-01-19 07:59:28,480 INFO o.a.j.p.h.s.HTTPSamplerBase: Parser for text/vnd.wap.wml is org.apache.jmeter.protocol.http.parser.RegexpHTMLParser
2018-01-19 07:59:28,480 INFO o.a.j.p.h.s.HTTPSamplerBase: Parser for text/css is org.apache.jmeter.protocol.http.parser.CssParser
2018-01-19 07:59:29,203 INFO o.a.j.e.KeyToolUtils: keytool found at 'keytool'
2018-01-19 07:59:29,204 INFO o.a.j.p.h.p.ProxyControl: HTTP(S) Test Script Recorder SSL Proxy will use keys that support embedded 3rd party resources in file C:\Users\guill\Downloads\Programme\apache-jmeter-3.3\apache-jmeter-3.3\bin\proxyserver.jks
2018-01-19 07:59:29,399 INFO o.a.j.g.u.MenuFactory: Skipping org.apache.jmeter.protocol.java.sampler.BSFSampler
2018-01-19 07:59:29,502 INFO o.a.j.g.u.MenuFactory: Skipping org.apache.jmeter.protocol.mongodb.config.MongoSourceElement
2018-01-19 07:59:29,502 INFO o.a.j.g.u.MenuFactory: Skipping org.apache.jmeter.protocol.mongodb.sampler.MongoScriptSampler
2018-01-19 07:59:29,862 INFO o.a.j.g.u.MenuFactory: Skipping org.apache.jmeter.timers.BSFTimer
2018-01-19 07:59:29,877 INFO o.a.j.g.u.MenuFactory: Skipping org.apache.jmeter.visualizers.BSFListener
